c:\users\eldarian\source\repos\graphgl\debug\vc142.pdb
c:\users\eldarian\source\repos\graphgl\debug\vc142.idb
c:\users\eldarian\source\repos\graphgl\debug\text.obj
c:\users\eldarian\source\repos\graphgl\debug\stack.obj
c:\users\eldarian\source\repos\graphgl\debug\rect.obj
c:\users\eldarian\source\repos\graphgl\debug\node.obj
c:\users\eldarian\source\repos\graphgl\debug\main.obj
c:\users\eldarian\source\repos\graphgl\debug\line.obj
c:\users\eldarian\source\repos\graphgl\debug\graph.obj
c:\users\eldarian\source\repos\graphgl\debug\ellip.obj
c:\users\eldarian\source\repos\graphgl\debug\button.obj
c:\users\eldarian\source\repos\graphgl\debug\arrow.obj
c:\users\eldarian\source\repos\graphgl\debug\appfunc.obj
c:\users\eldarian\source\repos\graphgl\debug\app.obj
c:\users\eldarian\source\repos\graphgl\debug\graphopengl.ilk
c:\users\eldarian\source\repos\graphgl\debug\graphopengl.exe
c:\users\eldarian\source\repos\graphgl\debug\graphopengl.pdb
c:\users\eldarian\source\repos\graphgl\debug\graphopengl.tlog\cl.command.1.tlog
c:\users\eldarian\source\repos\graphgl\debug\graphopengl.tlog\cl.read.1.tlog
c:\users\eldarian\source\repos\graphgl\debug\graphopengl.tlog\cl.write.1.tlog
c:\users\eldarian\source\repos\graphgl\debug\graphopengl.tlog\link.command.1.tlog
c:\users\eldarian\source\repos\graphgl\debug\graphopengl.tlog\link.read.1.tlog
c:\users\eldarian\source\repos\graphgl\debug\graphopengl.tlog\link.write.1.tlog
